<?xml version="1.0" encoding="UTF-8"?>
<!-- Generated by org.testng.reporters.JUnitXMLReporter -->
<testsuite hostname="DESKTOP-UVEVA0A" ignored="0" name="CustomerTest" tests="1" failures="1" timestamp="2020-04-23T13:28:00 IST" time="34.922" errors="0">
  <testcase name="createCustomerWithDetails" time="5.021" classname="com.actitime.tests.CustomerTest">
    <failure type="java.lang.NullPointerException">
      <![CDATA[java.lang.NullPointerException
at org.openqa.selenium.support.pagefactory.DefaultElementLocator.findElement(DefaultElementLocator.java:69)
at org.openqa.selenium.support.pagefactory.internal.LocatingElementHandler.invoke(LocatingElementHandler.java:38)
at com.sun.proxy.$Proxy10.click(Unknown Source)
at com.actitime.pages.HomePage.clickTasks(HomePage.java:21)
at com.actitime.tests.CustomerTest.createCustomerWithDetails(CustomerTest.java:20)
at java.util.ArrayList.forEach(ArrayList.java:1257)
... Removed 27 stack frames]]>
    </failure>
  </testcase> <!-- createCustomerWithDetails -->
</testsuite> <!-- CustomerTest -->
